Case #1: SaintFrank SonOfPingAndPong WallOfPhones SweetStop VerveCoffee WoodenSculpture Nanokitchen
Case #2: SwagStore CafeEpic FreshOrangeJuice FullCircle WallOfPhones TuringInDominoes HalalTruck
Case #3: SugarShack FoxPainting Arcade LateHarvest ColdBrewMachine SonOfPingAndPong DentalOffice MamaPennys Microkitchen LightningBolts ConstitutionDeli Harvest FakeCrosswalk WoodenSculpture VerveCoffee PhilzCoffee CafeEpic
Case #4: ZucksOldOffice ZucksOffice BlueBottle TransportationHub
Case #5: SweetStop
Case #6: SweetStop SwagStore LikeSign
Case #7: TuringInDominoes LivingTheDream HackerSquare WoodenSculpture
Case #8: WallOfPhones HotfixBar FoxPainting Sol Helpdesk PhilzCoffee OculusDemoLab VerveCoffee LateHarvest Ballpit SweetStop DentalOffice NailPolishRoomBlock SwagStore BurgerShack SonOfPingAndPong MamaPennys ColdBrewMachine ConstitutionDeli FullCircle Nanokitchen ShuttlePlatform CafeEpic Microkitchen TuringInDominoes MPK20Roof SaintFrank Harvest LikeSign ZucksOffice ChosHawkerCenter WoodenSculpture SugarShack
Case #9: Arcade
Case #10: SwagStore BahnAppetit Harvest BridgeClub ZucksOffice WallOfPhones TechVendingMachine LateHarvest Microkitchen Nanokitchen ZucksOldOffice NailPolishRoomBlock DentalOffice FoxPainting Arcade VerveCoffee BlueBottle ShuttlePlatform Sol SugarShack LightningBolts TuringInDominoes MPK20Roof WoodenSculpture FakeCrosswalk HotfixBar BurgerShack FreshOrangeJuice FoxGazebo LikeSign ChosHawkerCenter MamaPennys LivingTheDream PopUpShop FullCircle TransportationHub SweetStop RainbowStairs PhilzCoffee SaintFrank HackerSquare
Case #11: SaintFrank HotfixBar Ballpit MPK20Roof PopUpShop ChosHawkerCenter HalalTruck FoxPainting Sol LivingTheDream SweetStop WallOfPhones HackerSquare LateHarvest TuringInDominoes LightningBolts ColdBrewMachine BurgerShack Nanokitchen
Case #12: HackerSquare SugarShack Harvest ConstitutionDeli BurgerShack WoodenSculpture FukiSushiInOldenDays TuringInDominoes ShuttlePlatform Sol SweetStop BridgeClub SonOfPingAndPong TransportationHub Helpdesk ZucksOldOffice Microkitchen FoxGazebo FullCircle
Case #13: SugarShack SweetStop ConstitutionDeli BlueBottle TransportationHub Helpdesk SonOfPingAndPong FakeCrosswalk FoxGazebo MamaPennys TechVendingMachine VerveCoffee LightningBolts Nanokitchen FukiSushiInOldenDays OculusDemoLab PopUpShop Harvest Ballpit MPK20Roof RainbowStairs TuringInDominoes ChosHawkerCenter DentalOffice FoxPainting
Case #14: WallOfPhones
Case #15: TransportationHub SaintFrank
Case #16: SaintFrank OculusDemoLab LikeSign DentalOffice FakeCrosswalk
Case #17: PhilzCoffee HalalTruck Microkitchen MPK20Roof ColdBrewMachine
Case #18: FukiSushiInOldenDays WallOfPhones SweetStop BurgerShack LikeSign Helpdesk OculusDemoLab HackerSquare MamaPennys PopUpShop ZucksOldOffice PhilzCoffee FullCircle NailPolishRoomBlock ChosHawkerCenter SwagStore Nanokitchen MPK20Roof BlueBottle Microkitchen BridgeClub ConstitutionDeli TechVendingMachine
Case #19: ZucksOffice SweetStop
Case #20: LateHarvest BridgeClub Nanokitchen ConstitutionDeli SaintFrank DentalOffice Ballpit FullCircle BlueBottle FakeCrosswalk OculusDemoLab FoxPainting Harvest ZucksOldOffice BurgerShack FreshOrangeJuice TransportationHub Microkitchen ShuttlePlatform FukiSushiInOldenDays LikeSign
Case #21: HalalTruck Sol OculusDemoLab RainbowStairs LightningBolts SugarShack FakeCrosswalk LateHarvest WallOfPhones ConstitutionDeli HotfixBar TransportationHub MamaPennys Arcade Ballpit FoxPainting ShuttlePlatform TuringInDominoes FukiSushiInOldenDays WoodenSculpture TechVendingMachine ZucksOffice LikeSign ZucksOldOffice
Case #22: FullCircle Sol MPK20Roof Arcade FoxPainting HotfixBar
Case #23: ZucksOffice ChosHawkerCenter LivingTheDream FullCircle SaintFrank RainbowStairs MamaPennys ConstitutionDeli SugarShack TuringInDominoes MPK20Roof BridgeClub LightningBolts WallOfPhones FreshOrangeJuice SweetStop Nanokitchen Ballpit Sol LikeSign TransportationHub SonOfPingAndPong OculusDemoLab
Case #24: Harvest PhilzCoffee MamaPennys LivingTheDream
Case #25: MPK20Roof CafeEpic LivingTheDream TuringInDominoes BurgerShack DentalOffice NailPolishRoomBlock Sol Harvest SonOfPingAndPong SwagStore FakeCrosswalk FoxGazebo TechVendingMachine FullCircle ZucksOldOffice ConstitutionDeli SugarShack PopUpShop FukiSushiInOldenDays ZucksOffice FoxPainting BlueBottle SweetStop MamaPennys RainbowStairs WallOfPhones LightningBolts SaintFrank ShuttlePlatform ChosHawkerCenter Arcade TransportationHub HackerSquare WoodenSculpture PhilzCoffee Microkitchen BahnAppetit OculusDemoLab Nanokitchen
Case #26: ConstitutionDeli TechVendingMachine ShuttlePlatform ColdBrewMachine BurgerShack Microkitchen Ballpit DentalOffice OculusDemoLab ZucksOffice Sol HalalTruck Nanokitchen
Case #27: TuringInDominoes SonOfPingAndPong
Case #28: Helpdesk ChosHawkerCenter SugarShack BlueBottle LivingTheDream
Case #29: LightningBolts BridgeClub HotfixBar OculusDemoLab CafeEpic FakeCrosswalk SonOfPingAndPong FullCircle ZucksOffice Arcade SugarShack FoxGazebo MPK20Roof ConstitutionDeli WallOfPhones ChosHawkerCenter WoodenSculpture TuringInDominoes VerveCoffee FukiSushiInOldenDays ShuttlePlatform TechVendingMachine ColdBrewMachine
Case #30: ColdBrewMachine BahnAppetit Ballpit VerveCoffee TechVendingMachine PopUpShop TransportationHub ConstitutionDeli WallOfPhones FakeCrosswalk ZucksOldOffice MamaPennys NailPolishRoomBlock Helpdesk LikeSign HotfixBar LateHarvest Harvest Nanokitchen BridgeClub ZucksOffice BurgerShack DentalOffice Arcade ShuttlePlatform FreshOrangeJuice BlueBottle PhilzCoffee CafeEpic FukiSushiInOldenDays Microkitchen RainbowStairs LivingTheDream WoodenSculpture FoxGazebo FoxPainting OculusDemoLab Sol SaintFrank FullCircle SweetStop ChosHawkerCenter
Case #31: DentalOffice BlueBottle
Case #32: FullCircle
Case #33: BurgerShack FoxPainting HotfixBar FoxGazebo HackerSquare SwagStore LikeSign FullCircle Arcade VerveCoffee ShuttlePlatform NailPolishRoomBlock LightningBolts MamaPennys Microkitchen HalalTruck CafeEpic BahnAppetit PhilzCoffee SaintFrank
Case #34: TechVendingMachine
Case #35: TuringInDominoes CafeEpic SonOfPingAndPong FoxPainting BlueBottle Arcade SwagStore Sol BurgerShack FoxGazebo HotfixBar HalalTruck BridgeClub OculusDemoLab MPK20Roof Nanokitchen SugarShack ZucksOldOffice HackerSquare SaintFrank FakeCrosswalk Helpdesk ZucksOffice FukiSushiInOldenDays NailPolishRoomBlock LivingTheDream DentalOffice Harvest BahnAppetit WoodenSculpture PopUpShop LightningBolts MamaPennys FullCircle ConstitutionDeli Microkitchen PhilzCoffee WallOfPhones RainbowStairs VerveCoffee FreshOrangeJuice TransportationHub SweetStop
Case #36: ConstitutionDeli BlueBottle BridgeClub LateHarvest VerveCoffee SweetStop HalalTruck SwagStore FreshOrangeJuice ZucksOldOffice FukiSushiInOldenDays CafeEpic SaintFrank Arcade MPK20Roof FoxPainting SugarShack ZucksOffice FullCircle LivingTheDream Helpdesk WallOfPhones RainbowStairs MamaPennys FakeCrosswalk DentalOffice NailPolishRoomBlock HotfixBar Harvest ShuttlePlatform
Case #37: SwagStore CafeEpic FullCircle WoodenSculpture Microkitchen VerveCoffee ZucksOffice PhilzCoffee SweetStop ColdBrewMachine SonOfPingAndPong HotfixBar SaintFrank BahnAppetit DentalOffice Ballpit Helpdesk ZucksOldOffice PopUpShop FoxPainting Nanokitchen LikeSign BridgeClub SugarShack
Case #38: RainbowStairs SwagStore BridgeClub ZucksOffice TransportationHub Ballpit
Case #39: FukiSushiInOldenDays PhilzCoffee Ballpit ZucksOldOffice TechVendingMachine MPK20Roof MamaPennys SugarShack FoxPainting RainbowStairs ColdBrewMachine
Case #40: HalalTruck CafeEpic TechVendingMachine ZucksOldOffice FoxPainting BlueBottle ShuttlePlatform SweetStop Ballpit ZucksOffice FreshOrangeJuice PhilzCoffee SonOfPingAndPong LikeSign ChosHawkerCenter Sol ConstitutionDeli Arcade SugarShack LateHarvest DentalOffice TransportationHub LightningBolts Helpdesk VerveCoffee FukiSushiInOldenDays WallOfPhones BridgeClub WoodenSculpture BurgerShack TuringInDominoes
Case #41: MPK20Roof ShuttlePlatform Sol TuringInDominoes FoxPainting WoodenSculpture Harvest Microkitchen SwagStore ZucksOffice BurgerShack Arcade
Case #42: BurgerShack NailPolishRoomBlock FoxPainting FukiSushiInOldenDays TuringInDominoes MamaPennys TechVendingMachine LikeSign
Case #43: HackerSquare FukiSushiInOldenDays BlueBottle ConstitutionDeli FoxGazebo
Case #44: Nanokitchen PhilzCoffee SaintFrank VerveCoffee LivingTheDream FakeCrosswalk FoxGazebo LikeSign FreshOrangeJuice BurgerShack NailPolishRoomBlock SonOfPingAndPong FoxPainting PopUpShop RainbowStairs TransportationHub ColdBrewMachine ZucksOffice ZucksOldOffice BahnAppetit
Case #45: HotfixBar MamaPennys SweetStop SwagStore Microkitchen FullCircle ZucksOldOffice ConstitutionDeli FoxGazebo
Case #46: SonOfPingAndPong WallOfPhones ConstitutionDeli BridgeClub TuringInDominoes BahnAppetit ZucksOffice OculusDemoLab Microkitchen Arcade ShuttlePlatform NailPolishRoomBlock SweetStop SwagStore HackerSquare TechVendingMachine
Case #47: Ballpit Helpdesk NailPolishRoomBlock MPK20Roof FullCircle TuringInDominoes BlueBottle OculusDemoLab HackerSquare LivingTheDream FakeCrosswalk FreshOrangeJuice PhilzCoffee FukiSushiInOldenDays Nanokitchen BridgeClub WallOfPhones LateHarvest ConstitutionDeli LikeSign VerveCoffee Microkitchen DentalOffice Sol ChosHawkerCenter TransportationHub ZucksOffice RainbowStairs HotfixBar SonOfPingAndPong BurgerShack PopUpShop Harvest LightningBolts TechVendingMachine HalalTruck
Case #48: Microkitchen CafeEpic BlueBottle ZucksOffice BridgeClub Ballpit VerveCoffee ColdBrewMachine WoodenSculpture PopUpShop PhilzCoffee MPK20Roof LightningBolts ChosHawkerCenter
Case #49: MPK20Roof BridgeClub FukiSushiInOldenDays ConstitutionDeli Sol TransportationHub BlueBottle LivingTheDream SugarShack MamaPennys BahnAppetit Nanokitchen HotfixBar LateHarvest Microkitchen HalalTruck BurgerShack Ballpit OculusDemoLab LightningBolts Harvest
Case #50: WoodenSculpture
Case #51: Microkitchen ColdBrewMachine NailPolishRoomBlock BridgeClub ZucksOldOffice FreshOrangeJuice BurgerShack
Case #52: ChosHawkerCenter Arcade FoxGazebo FukiSushiInOldenDays WallOfPhones HackerSquare VerveCoffee BurgerShack HotfixBar FreshOrangeJuice WoodenSculpture
Case #53: Harvest TechVendingMachine
Case #54: LikeSign Arcade SweetStop
Case #55: WallOfPhones CafeEpic
Case #56: ShuttlePlatform
Case #57: ConstitutionDeli LikeSign FoxGazebo BlueBottle BurgerShack Microkitchen TransportationHub TuringInDominoes SugarShack ZucksOldOffice HotfixBar LateHarvest LightningBolts NailPolishRoomBlock LivingTheDream FullCircle ZucksOffice CafeEpic SaintFrank SonOfPingAndPong OculusDemoLab Nanokitchen
Case #58: TechVendingMachine Harvest PopUpShop SonOfPingAndPong ConstitutionDeli Helpdesk TuringInDominoes FoxPainting ZucksOldOffice SweetStop MamaPennys LikeSign TransportationHub BlueBottle LivingTheDream CafeEpic WoodenSculpture FukiSushiInOldenDays FoxGazebo SwagStore Sol SaintFrank RainbowStairs BurgerShack ShuttlePlatform BahnAppetit Nanokitchen LightningBolts PhilzCoffee Ballpit HotfixBar ColdBrewMachine FakeCrosswalk VerveCoffee FreshOrangeJuice OculusDemoLab FullCircle MPK20Roof LateHarvest SugarShack WallOfPhones ChosHawkerCenter NailPolishRoomBlock DentalOffice Microkitchen
Case #59: Harvest TechVendingMachine FreshOrangeJuice LightningBolts Sol DentalOffice
Case #60: SonOfPingAndPong WoodenSculpture TechVendingMachine HotfixBar ColdBrewMachine FoxGazebo HackerSquare VerveCoffee HalalTruck ConstitutionDeli SugarShack PopUpShop Sol PhilzCoffee ShuttlePlatform BurgerShack LikeSign BlueBottle RainbowStairs LateHarvest Microkitchen ZucksOldOffice ZucksOffice SaintFrank TransportationHub FakeCrosswalk WallOfPhones SweetStop Harvest DentalOffice Ballpit LightningBolts FukiSushiInOldenDays
Case #61: Microkitchen BurgerShack FukiSushiInOldenDays Nanokitchen HackerSquare Helpdesk
Case #62: SwagStore LikeSign Arcade
Case #63: MPK20Roof FreshOrangeJuice LightningBolts BahnAppetit WoodenSculpture TransportationHub Helpdesk CafeEpic WallOfPhones Arcade FullCircle Microkitchen SugarShack Nanokitchen BurgerShack SweetStop ZucksOffice Sol SaintFrank DentalOffice BlueBottle VerveCoffee
Case #64: FoxGazebo MPK20Roof WoodenSculpture Biryani
Case #65: MamaPennys HalalTruck TransportationHub WallOfPhones Nanokitchen
Case #66: BahnAppetit LightningBolts FakeCrosswalk SwagStore HotfixBar VerveCoffee FukiSushiInOldenDays ColdBrewMachine PopUpShop LikeSign WallOfPhones BlueBottle TechVendingMachine FullCircle Arcade
Case #67: VerveCoffee PopUpShop OculusDemoLab ZucksOldOffice ZucksOffice
Case #68: PhilzCoffee HalalTruck Ballpit LivingTheDream SweetStop BridgeClub Nanokitchen SwagStore WallOfPhones SonOfPingAndPong Arcade ZucksOffice FakeCrosswalk
Case #69: ZucksOffice TransportationHub OculusDemoLab ChosHawkerCenter DentalOffice Microkitchen ShuttlePlatform CafeEpic SugarShack TuringInDominoes LivingTheDream ConstitutionDeli
Case #70: BahnAppetit SaintFrank PopUpShop ColdBrewMachine BridgeClub
Case #71: Ballpit RainbowStairs WallOfPhones FoxGazebo Helpdesk Arcade Harvest NailPolishRoomBlock FullCircle PopUpShop OculusDemoLab SaintFrank MamaPennys Sol FoxPainting HalalTruck LateHarvest FakeCrosswalk SugarShack BlueBottle SweetStop TuringInDominoes CafeEpic LivingTheDream DentalOffice ZucksOffice SonOfPingAndPong Nanokitchen ColdBrewMachine MPK20Roof WoodenSculpture PhilzCoffee BahnAppetit SwagStore FreshOrangeJuice ConstitutionDeli ShuttlePlatform LightningBolts ZucksOldOffice LikeSign TechVendingMachine
Case #72: ChosHawkerCenter FukiSushiInOldenDays HalalTruck TransportationHub LivingTheDream RainbowStairs ColdBrewMachine TechVendingMachine SugarShack
Case #73: SweetStop TechVendingMachine ChosHawkerCenter LivingTheDream FullCircle SaintFrank CafeEpic PopUpShop ShuttlePlatform WoodenSculpture SugarShack TransportationHub PhilzCoffee LikeSign BahnAppetit HackerSquare ZucksOffice Arcade FoxPainting NailPolishRoomBlock SonOfPingAndPong BlueBottle FreshOrangeJuice Helpdesk DentalOffice MamaPennys MPK20Roof Ballpit
Case #74: LivingTheDream
Case #75: Harvest FukiSushiInOldenDays ZucksOldOffice NailPolishRoomBlock MPK20Roof
Case #76: Nanokitchen Arcade Ballpit SwagStore FreshOrangeJuice ShuttlePlatform LikeSign HotfixBar LivingTheDream RainbowStairs FoxPainting Harvest BahnAppetit VerveCoffee TransportationHub ConstitutionDeli CafeEpic SweetStop Helpdesk Sol FakeCrosswalk BurgerShack Microkitchen ColdBrewMachine MamaPennys
Case #77: Arcade HackerSquare Ballpit FukiSushiInOldenDays SugarShack CafeEpic Helpdesk ColdBrewMachine ZucksOldOffice ChosHawkerCenter Harvest SonOfPingAndPong Nanokitchen TuringInDominoes HotfixBar MPK20Roof FoxGazebo
Case #78: MamaPennys FukiSushiInOldenDays FoxPainting
Case #79: Sol FoxGazebo HotfixBar PhilzCoffee NailPolishRoomBlock SaintFrank WoodenSculpture CafeEpic WallOfPhones HackerSquare BurgerShack DentalOffice ZucksOldOffice Nanokitchen ShuttlePlatform
Case #80: Ballpit Harvest TransportationHub
